<?xml version="1.0" encoding="UTF-8"?>
<!-- Generated by org.testng.reporters.JUnitXMLReporter -->
<testsuite ignored="0" hostname="DESKTOP-QA5OJEI" failures="1" tests="8" name="EdgeTest" time="110.901" errors="0" timestamp="2023-03-30T10:50:14 IST">
  <testcase classname="testNG.VerifySignUpPage" name="@BeforeMethod beforeMethod" time="5.149">
    <failure type="java.lang.NullPointerException" message="Cannot invoke &amp;quot;pom.loginpage.clickOnCreateNewAcc()&amp;quot; because &amp;quot;this.loginPage&amp;quot; is null">
      <![CDATA[java.lang.NullPointerException: Cannot invoke "pom.loginpage.clickOnCreateNewAcc()" because "this.loginPage" is null
at testNG.VerifySignUpPage.beforeMethod(VerifySignUpPage.java:63)
at java.base/java.util.concurrent.ThreadPoolExecutor.runWorker(ThreadPoolExecutor.java:1136)
at java.base/java.util.concurrent.ThreadPoolExecutor$Worker.run(ThreadPoolExecutor.java:635)
at java.base/java.lang.Thread.run(Thread.java:833)
... Removed 16 stack frames]]>
    </failure>
  </testcase> <!-- @BeforeMethod beforeMethod -->
  <testcase classname="testNG.VerifySignUpPage" name="@AfterMethod afterMethod" time="-1.680153610643E9">
    <skipped/>
  </testcase> <!-- @AfterMethod afterMethod -->
  <testcase classname="testNG.VerifySignUpPage" name="@BeforeMethod beforeMethod" time="-1.680153610647E9">
    <skipped/>
  </testcase> <!-- @BeforeMethod beforeMethod -->
  <testcase classname="testNG.VerifySignUpPage" name="@AfterMethod afterMethod" time="-1.680153610653E9">
    <skipped/>
  </testcase> <!-- @AfterMethod afterMethod -->
  <testcase classname="testNG.VerifySignUpPage" name="@BeforeMethod beforeMethod" time="-1.680153610657E9">
    <skipped/>
  </testcase> <!-- @BeforeMethod beforeMethod -->
  <testcase classname="testNG.VerifySignUpPage" name="@AfterMethod afterMethod" time="-1.680153610664E9">
    <skipped/>
  </testcase> <!-- @AfterMethod afterMethod -->
  <testcase classname="testNG.VerifySignUpPage" name="@BeforeMethod beforeMethod" time="-1.68015361067E9">
    <skipped/>
  </testcase> <!-- @BeforeMethod beforeMethod -->
  <testcase classname="testNG.VerifySignUpPage" name="@AfterMethod afterMethod" time="-1.680153610676E9">
    <skipped/>
  </testcase> <!-- @AfterMethod afterMethod -->
  <testcase classname="testNG.VerifySignUpPage" name="@AfterClass clearObjects" time="-1.68015361068E9">
    <skipped/>
  </testcase> <!-- @AfterClass clearObjects -->
  <testcase classname="testNG.VerifyForgotPasswordPage" name="verifyCancleButtoForgotPasswardPage" time="0.825"/>
  <testcase classname="testNG.VerifyForgotPasswordPage" name="verifyCancleButtonForgotPasswardPage" time="1.522">
    <failure type="java.lang.AssertionError" message="The following asserts failed:
	expected [Log in to Facebook] but found [Forgotten Password | Can&amp;apos;t Log In | Facebook]">
      <![CDATA[java.lang.AssertionError: The following asserts failed:
expected [Log in to Facebook] but found [Forgotten Password | Can't Log In | Facebook]
at testNG.VerifyForgotPasswordPage.verifyCancleButtonForgotPasswardPage(VerifyForgotPasswordPage.java:89)
at java.base/java.util.concurrent.ThreadPoolExecutor.runWorker(ThreadPoolExecutor.java:1136)
at java.base/java.util.concurrent.ThreadPoolExecutor$Worker.run(ThreadPoolExecutor.java:635)
at java.base/java.lang.Thread.run(Thread.java:833)
... Removed 14 stack frames]]>
    </failure>
  </testcase> <!-- verifyCancleButtonForgotPasswardPage -->
  <testcase classname="testNG.VerifyForgotPasswordPage" name="verifyMessageOnForgotPasswordPage" time="0.216"/>
  <testcase classname="testNG.VerifyForgotPasswordPage" name="veriffySearchFunctionOnForgotPasswordPage" time="0.432"/>
  <testcase classname="testNG.VerifySignUpPage" name="signUpPage" time="0.0">
    <skipped/>
  </testcase> <!-- signUpPage -->
  <testcase classname="testNG.VerifySignUpPage" name="signpage1" time="0.0">
    <skipped/>
  </testcase> <!-- signpage1 -->
  <testcase classname="testNG.VerifySignUpPage" name="signpage2" time="0.0">
    <skipped/>
  </testcase> <!-- signpage2 -->
  <testcase classname="testNG.VerifySignUpPage" name="signupPage2" time="0.0">
    <skipped/>
  </testcase> <!-- signupPage2 -->
</testsuite> <!-- EdgeTest -->
