<?xml version="1.0" encoding="UTF-8"?>
<!-- Generated by org.testng.reporters.JUnitReportReporter -->
<testsuite hostname="DESKTOP-QA5OJEI" failures="2" tests="8" name="testNG.VerifyForgotPasswordPage" time="110.296" errors="0" timestamp="2023-03-30T10:50:15 IST" skipped="0">
  <testcase classname="testNG.VerifyForgotPasswordPage" name="verifyCancleButtoForgotPasswardPage" time="15.412"/>
  <system-out/>
  <testcase classname="testNG.VerifyForgotPasswordPage" name="verifyCancleButtoForgotPasswardPage" time="4.406"/>
  <system-out/>
  <testcase classname="testNG.VerifyForgotPasswordPage" name="verifyCancleButtonForgotPasswardPage" time="8.592">
    <failure message="The following asserts failed:
	expected [Log in to Facebook] but found [Forgotten Password | Can&#039;t Log In | Facebook]" type="java.lang.AssertionError">
      <![CDATA[java.lang.AssertionError: The following asserts failed:
expected [Log in to Facebook] but found [Forgotten Password | Can't Log In | Facebook]
at org.testng.asserts.SoftAssert.assertAll(SoftAssert.java:47)
at org.testng.asserts.SoftAssert.assertAll(SoftAssert.java:31)
at testNG.VerifyForgotPasswordPage.verifyCancleButtonForgotPasswardPage(VerifyForgotPasswordPage.java:89)
at java.base/jdk.internal.reflect.NativeMethodAccessorImpl.invoke0(Native Method)
at java.base/jdk.internal.reflect.NativeMethodAccessorImpl.invoke(NativeMethodAccessorImpl.java:77)
at java.base/jdk.internal.reflect.DelegatingMethodAccessorImpl.invoke(DelegatingMethodAccessorImpl.java:43)
at java.base/java.lang.reflect.Method.invoke(Method.java:568)
at org.testng.internal.MethodInvocationHelper.invokeMethod(MethodInvocationHelper.java:133)
at org.testng.internal.TestInvoker.invokeMethod(TestInvoker.java:598)
at org.testng.internal.TestInvoker.invokeTestMethod(TestInvoker.java:173)
at org.testng.internal.MethodRunner.runInSequence(MethodRunner.java:46)
at org.testng.internal.TestInvoker$MethodInvocationAgent.invoke(TestInvoker.java:824)
at org.testng.internal.TestInvoker.invokeTestMethods(TestInvoker.java:146)
at org.testng.internal.TestMethodWorker.invokeTestMethods(TestMethodWorker.java:146)
at org.testng.internal.TestMethodWorker.run(TestMethodWorker.java:128)
at java.base/java.util.concurrent.ThreadPoolExecutor.runWorker(ThreadPoolExecutor.java:1136)
at java.base/java.util.concurrent.ThreadPoolExecutor$Worker.run(ThreadPoolExecutor.java:635)
at java.base/java.lang.Thread.run(Thread.java:833)
]]>
    </failure>
  </testcase> <!-- verifyCancleButtonForgotPasswardPage -->
  <system-out/>
  <testcase classname="testNG.VerifyForgotPasswordPage" name="verifyMessageOnForgotPasswordPage" time="12.191"/>
  <system-out/>
  <testcase classname="testNG.VerifyForgotPasswordPage" name="verifyCancleButtonForgotPasswardPage" time="37.290">
    <failure message="The following asserts failed:
	expected [Log in to Facebook] but found [Forgotten Password | Can&#039;t Log In | Facebook]" type="java.lang.AssertionError">
      <![CDATA[java.lang.AssertionError: The following asserts failed:
expected [Log in to Facebook] but found [Forgotten Password | Can't Log In | Facebook]
at org.testng.asserts.SoftAssert.assertAll(SoftAssert.java:47)
at org.testng.asserts.SoftAssert.assertAll(SoftAssert.java:31)
at testNG.VerifyForgotPasswordPage.verifyCancleButtonForgotPasswardPage(VerifyForgotPasswordPage.java:89)
at java.base/jdk.internal.reflect.NativeMethodAccessorImpl.invoke0(Native Method)
at java.base/jdk.internal.reflect.NativeMethodAccessorImpl.invoke(NativeMethodAccessorImpl.java:77)
at java.base/jdk.internal.reflect.DelegatingMethodAccessorImpl.invoke(DelegatingMethodAccessorImpl.java:43)
at java.base/java.lang.reflect.Method.invoke(Method.java:568)
at org.testng.internal.MethodInvocationHelper.invokeMethod(MethodInvocationHelper.java:133)
at org.testng.internal.TestInvoker.invokeMethod(TestInvoker.java:598)
at org.testng.internal.TestInvoker.invokeTestMethod(TestInvoker.java:173)
at org.testng.internal.MethodRunner.runInSequence(MethodRunner.java:46)
at org.testng.internal.TestInvoker$MethodInvocationAgent.invoke(TestInvoker.java:824)
at org.testng.internal.TestInvoker.invokeTestMethods(TestInvoker.java:146)
at org.testng.internal.TestMethodWorker.invokeTestMethods(TestMethodWorker.java:146)
at org.testng.internal.TestMethodWorker.run(TestMethodWorker.java:128)
at java.base/java.util.concurrent.ThreadPoolExecutor.runWorker(ThreadPoolExecutor.java:1136)
at java.base/java.util.concurrent.ThreadPoolExecutor$Worker.run(ThreadPoolExecutor.java:635)
at java.base/java.lang.Thread.run(Thread.java:833)
]]>
    </failure>
  </testcase> <!-- verifyCancleButtonForgotPasswardPage -->
  <system-out/>
  <testcase classname="testNG.VerifyForgotPasswordPage" name="verifyMessageOnForgotPasswordPage" time="8.421"/>
  <system-out/>
  <testcase classname="testNG.VerifyForgotPasswordPage" name="veriffySearchFunctionOnForgotPasswordPage" time="16.271"/>
  <system-out/>
  <testcase classname="testNG.VerifyForgotPasswordPage" name="veriffySearchFunctionOnForgotPasswordPage" time="7.713"/>
  <system-out/>
</testsuite> <!-- testNG.VerifyForgotPasswordPage -->
