<?xml version="1.0" encoding="UTF-8"?>
<!-- Generated by org.testng.reporters.JUnitXMLReporter -->
<testsuite ignored="0" hostname="DESKTOP-QA5OJEI" failures="0" tests="4" name="Default test" time="0.176" errors="0" timestamp="2023-03-30T10:38:41 IST">
  <testcase classname="testNG.VerifyForgotPasswordPage" name="@BeforeTest openBrowser" time="-1.680152921524E9">
    <failure type="org.testng.TestNGException" message="
Parameter &amp;apos;browser&amp;apos; is required by BeforeTest on method openBrowser but has not been marked @Optional or defined
in C:\Users\User\AppData\Local\Temp\testng-eclipse--1935671198\testng-customsuite.xml">
      <![CDATA[org.testng.TestNGException: 
Parameter 'browser' is required by BeforeTest on method openBrowser but has not been marked @Optional or defined
in C:\Users\User\AppData\Local\Temp\testng-eclipse--1935671198\testng-customsuite.xml
at org.testng.internal.Parameters.createParams(Parameters.java:270)
at org.testng.internal.Parameters.createParametersForMethod(Parameters.java:358)
at org.testng.internal.Parameters.createParameters(Parameters.java:700)
at org.testng.internal.Parameters.createConfigurationParameters(Parameters.java:168)
at org.testng.internal.ConfigInvoker.invokeConfigurations(ConfigInvoker.java:302)
at org.testng.TestRunner.invokeTestConfigurations(TestRunner.java:637)
at org.testng.TestRunner.beforeRun(TestRunner.java:627)
at org.testng.TestRunner.run(TestRunner.java:589)
at org.testng.SuiteRunner.runTest(SuiteRunner.java:377)
at org.testng.SuiteRunner.runSequentially(SuiteRunner.java:371)
at org.testng.SuiteRunner.privateRun(SuiteRunner.java:332)
at org.testng.SuiteRunner.run(SuiteRunner.java:276)
at org.testng.SuiteRunnerWorker.runSuite(SuiteRunnerWorker.java:53)
at org.testng.SuiteRunnerWorker.run(SuiteRunnerWorker.java:96)
at org.testng.TestNG.runSuitesSequentially(TestNG.java:1212)
at org.testng.TestNG.runSuitesLocally(TestNG.java:1134)
at org.testng.TestNG.runSuites(TestNG.java:1063)
at org.testng.TestNG.run(TestNG.java:1031)
at org.testng.remote.AbstractRemoteTestNG.run(AbstractRemoteTestNG.java:115)
at org.testng.remote.RemoteTestNG.initAndRun(RemoteTestNG.java:251)
at org.testng.remote.RemoteTestNG.main(RemoteTestNG.java:77)
]]>
    </failure>
  </testcase> <!-- @BeforeTest openBrowser -->
  <testcase classname="testNG.VerifyForgotPasswordPage" name="@BeforeClass createPomObjects" time="-1.68015292158E9">
    <skipped/>
  </testcase> <!-- @BeforeClass createPomObjects -->
  <testcase classname="testNG.VerifyForgotPasswordPage" name="@BeforeMethod goToForgotPasswodPage" time="-1.680152921617E9">
    <skipped/>
  </testcase> <!-- @BeforeMethod goToForgotPasswodPage -->
  <testcase classname="testNG.VerifyForgotPasswordPage" name="@AfterMethod logoutFromApplicatiion" time="-1.68015292163E9">
    <skipped/>
  </testcase> <!-- @AfterMethod logoutFromApplicatiion -->
  <testcase classname="testNG.VerifyForgotPasswordPage" name="@BeforeMethod goToForgotPasswodPage" time="-1.68015292164E9">
    <skipped/>
  </testcase> <!-- @BeforeMethod goToForgotPasswodPage -->
  <testcase classname="testNG.VerifyForgotPasswordPage" name="@AfterMethod logoutFromApplicatiion" time="-1.680152921648E9">
    <skipped/>
  </testcase> <!-- @AfterMethod logoutFromApplicatiion -->
  <testcase classname="testNG.VerifyForgotPasswordPage" name="@BeforeMethod goToForgotPasswodPage" time="-1.68015292165E9">
    <skipped/>
  </testcase> <!-- @BeforeMethod goToForgotPasswodPage -->
  <testcase classname="testNG.VerifyForgotPasswordPage" name="@AfterMethod logoutFromApplicatiion" time="-1.680152921658E9">
    <skipped/>
  </testcase> <!-- @AfterMethod logoutFromApplicatiion -->
  <testcase classname="testNG.VerifyForgotPasswordPage" name="@BeforeMethod goToForgotPasswodPage" time="-1.680152921661E9">
    <skipped/>
  </testcase> <!-- @BeforeMethod goToForgotPasswodPage -->
  <testcase classname="testNG.VerifyForgotPasswordPage" name="@AfterMethod logoutFromApplicatiion" time="-1.680152921669E9">
    <skipped/>
  </testcase> <!-- @AfterMethod logoutFromApplicatiion -->
  <testcase classname="testNG.VerifyForgotPasswordPage" name="@AfterClass clearObjects" time="-1.680152921678E9">
    <skipped/>
  </testcase> <!-- @AfterClass clearObjects -->
  <testcase classname="testNG.VerifyForgotPasswordPage" name="@AfterTest closedBrowser" time="-1.680152921685E9">
    <skipped/>
  </testcase> <!-- @AfterTest closedBrowser -->
  <testcase classname="testNG.VerifyForgotPasswordPage" name="verifyCancleButtoForgotPasswardPage" time="0.0">
    <skipped/>
  </testcase> <!-- verifyCancleButtoForgotPasswardPage -->
  <testcase classname="testNG.VerifyForgotPasswordPage" name="verifyCancleButtonForgotPasswardPage" time="0.0">
    <skipped/>
  </testcase> <!-- verifyCancleButtonForgotPasswardPage -->
  <testcase classname="testNG.VerifyForgotPasswordPage" name="verifyMessageOnForgotPasswordPage" time="0.0">
    <skipped/>
  </testcase> <!-- verifyMessageOnForgotPasswordPage -->
  <testcase classname="testNG.VerifyForgotPasswordPage" name="veriffySearchFunctionOnForgotPasswordPage" time="0.0">
    <skipped/>
  </testcase> <!-- veriffySearchFunctionOnForgotPasswordPage -->
</testsuite> <!-- Default test -->
